<?xml version="1.0" encoding="UTF-8"?>
<testng-results skipped="0" failed="0" ignored="0" total="0" passed="0">
  <reporter-output>
  </reporter-output>
  <suite name="testSuit" duration-ms="15" started-at="2025-03-30T14:11:14Z" finished-at="2025-03-30T14:11:14Z">
    <groups>
    </groups>
    <test name="Navigate Google Page" duration-ms="15" started-at="2025-03-30T14:11:14Z" finished-at="2025-03-30T14:11:14Z">
    </test> <!-- Navigate Google Page -->
  </suite> <!-- testSuit -->
</testng-results>
