<?xml version="1.0" encoding="UTF-8"?>
<testng-results skipped="0" failed="0" ignored="0" total="3" passed="3">
  <reporter-output>
  </reporter-output>
  <suite name="testSuit" duration-ms="31488" started-at="2024-05-06T18:51:23Z" finished-at="2024-05-06T18:51:54Z">
    <groups>
      <group name="cucumber">
        <method signature="AbstractTestNGCucumberTests.runScenario(cucumber.api.testng.PickleEventWrapper, cucumber.api.testng.CucumberFeatureWrapper)[pri:0, instance:runner.cucumberRunner@5c5a1b69]" name="runScenario" class="cucumber.api.testng.AbstractTestNGCucumberTests"/>
      </group> <!-- cucumber -->
    </groups>
    <test name="Navigate Google Page" duration-ms="31488" started-at="2024-05-06T18:51:23Z" finished-at="2024-05-06T18:51:54Z">
      <class name="runner.cucumberRunner">
        <test-method status="PASS" signature="setUpClass()[pri:0, instance:runner.cucumberRunner@5c5a1b69]" name="setUpClass" is-config="true" duration-ms="159" started-at="2024-05-06T18:51:23Z" finished-at="2024-05-06T18:51:23Z">
          <reporter-output>
          </reporter-output>
        </test-method> <!-- setUpClass -->
        <test-method status="PASS" signature="runScenario(cucumber.api.testng.PickleEventWrapper, cucumber.api.testng.CucumberFeatureWrapper)[pri:0, instance:runner.cucumberRunner@5c5a1b69]" name="runScenario" duration-ms="12161" started-at="2024-05-06T18:51:23Z" description="Runs Cucumber Scenarios" data-provider="scenarios" finished-at="2024-05-06T18:51:35Z">
          <params>
            <param index="0">
              <value>
                <![CDATA["Open Google homepage"]]>
              </value>
            </param>
            <param index="1">
              <value>
                <![CDATA["Navigate to Google page"]]>
              </value>
            </param>
          </params>
          <reporter-output>
          </reporter-output>
        </test-method> <!-- runScenario -->
        <test-method status="PASS" signature="runScenario(cucumber.api.testng.PickleEventWrapper, cucumber.api.testng.CucumberFeatureWrapper)[pri:0, instance:runner.cucumberRunner@5c5a1b69]" name="runScenario" duration-ms="9652" started-at="2024-05-06T18:51:35Z" description="Runs Cucumber Scenarios" data-provider="scenarios" finished-at="2024-05-06T18:51:45Z">
          <params>
            <param index="0">
              <value>
                <![CDATA["Open Google homepage"]]>
              </value>
            </param>
            <param index="1">
              <value>
                <![CDATA["Navigate to Google page"]]>
              </value>
            </param>
          </params>
          <reporter-output>
          </reporter-output>
        </test-method> <!-- runScenario -->
        <test-method status="PASS" signature="runScenario(cucumber.api.testng.PickleEventWrapper, cucumber.api.testng.CucumberFeatureWrapper)[pri:0, instance:runner.cucumberRunner@5c5a1b69]" name="runScenario" duration-ms="9450" started-at="2024-05-06T18:51:45Z" description="Runs Cucumber Scenarios" data-provider="scenarios" finished-at="2024-05-06T18:51:54Z">
          <params>
            <param index="0">
              <value>
                <![CDATA["Open Google homepage"]]>
              </value>
            </param>
            <param index="1">
              <value>
                <![CDATA["Navigate to Google page"]]>
              </value>
            </param>
          </params>
          <reporter-output>
          </reporter-output>
        </test-method> <!-- runScenario -->
        <test-method status="PASS" signature="tearDownClass()[pri:0, instance:runner.cucumberRunner@5c5a1b69]" name="tearDownClass" is-config="true" duration-ms="0" started-at="2024-05-06T18:51:54Z" finished-at="2024-05-06T18:51:54Z">
          <reporter-output>
          </reporter-output>
        </test-method> <!-- tearDownClass -->
      </class> <!-- runner.cucumberRunner -->
    </test> <!-- Navigate Google Page -->
  </suite> <!-- testSuit -->
</testng-results>
