<?xml version="1.0" encoding="UTF-8"?>
<!-- Generated by org.testng.reporters.JUnitXMLReporter -->
<testsuite hostname="Lenovo-Home" ignored="0" name="Navigate Google Page" tests="3" failures="0" timestamp="06 May 2024 18:51:54 GMT" time="31.488" errors="0">
  <testcase name="runScenario" time="12.161" classname="cucumber.api.testng.AbstractTestNGCucumberTests"/>
  <testcase name="runScenario" time="9.652" classname="cucumber.api.testng.AbstractTestNGCucumberTests"/>
  <testcase name="runScenario" time="9.45" classname="cucumber.api.testng.AbstractTestNGCucumberTests"/>
</testsuite> <!-- Navigate Google Page -->
